{"/Users/gopish/Documents/Personal/Coding/Source_Files/JS/jest/index.js": {"path":"/Users/gopish/Documents/Personal/Coding/Source_Files/JS/jest/index.js","statementMap":{"0":{"start":{"line":2,"column":1},"end":{"line":2,"column":85}},"1":{"start":{"line":5,"column":0},"end":{"line":5,"column":32}}},"fnMap":{"0":{"name":"reverseInteger","decl":{"start":{"line":1,"column":9},"end":{"line":1,"column":23}},"loc":{"start":{"line":1,"column":32},"end":{"line":3,"column":1}},"line":1}},"branchMap":{},"s":{"0":8,"1":1},"f":{"0":8},"b":{},"_coverageSchema":"332fd63041d2c1bcb487cc26dd0d5f7d97098a6c","hash":"fb38edadfb52efe3c69a8bdfd36c156d222ae82d"}
}
